<?xml version="1.0" encoding="UTF-8"?>
<!-- Generated by org.testng.reporters.JUnitReportReporter -->
<testsuite skipped="0" hostname="Balajis-MBP.lan" name="javaProgram.SwapString1And3" tests="1" failures="0" timestamp="2023-01-06T11:26:52 CST" time="0.007" errors="0">
  <testcase name="test4" time="0.007" classname="javaProgram.SwapString1And3"/>
  <system-out/>
</testsuite> <!-- javaProgram.SwapString1And3 -->
