<?xml version="1.0" encoding="UTF-8"?>
<!-- Generated by org.testng.reporters.JUnitReportReporter -->
<testsuite skipped="0" hostname="Balajis-MBP.lan" name="javaProgram.NumOfSeqChar" tests="1" failures="0" timestamp="2023-01-06T10:41:35 CST" time="0.008" errors="0">
  <testcase name="test4" time="0.008" classname="javaProgram.NumOfSeqChar"/>
  <system-out/>
</testsuite> <!-- javaProgram.NumOfSeqChar -->
