<?xml version="1.0" encoding="UTF-8"?>
<!-- Generated by org.testng.reporters.JUnitReportReporter -->
<testsuite skipped="0" hostname="Balajis-MBP.lan" name="amazon.TC_001" tests="1" failures="0" timestamp="2023-01-06T12:47:31 CST" time="8.552" errors="0">
  <testcase name="test1" time="8.552" classname="amazon.TC_001"/>
  <system-out/>
</testsuite> <!-- amazon.TC_001 -->
